<?xml version="1.0" encoding="UTF-8"?>
<!-- Generated by org.testng.reporters.JUnitReportReporter -->
<testsuite hostname="TYSS-Piyush-Baldaniya" failures="0" tests="3" name="types_of_execution.Demo2Test" time="6.051" errors="0" timestamp="2026-02-26T15:18:03 IST" skipped="0">
  <testcase classname="types_of_execution.Demo2Test" name="case222" time="1.817"/>
  <testcase classname="types_of_execution.Demo2Test" name="case22" time="1.806"/>
  <testcase classname="types_of_execution.Demo2Test" name="case2" time="2.428"/>
</testsuite> <!-- types_of_execution.Demo2Test -->
