<?xml version="1.0" encoding="UTF-8"?>
<!-- Generated by org.testng.reporters.JUnitReportReporter -->
<testsuite hostname="TYSS-Piyush-Baldaniya" failures="0" tests="3" name="config_ann_practice.OrgTest" time="0.016" errors="0" timestamp="2026-03-05T15:28:04 IST" skipped="0">
  <testcase classname="config_ann_practice.OrgTest" name="createOrgTest" time="0.009"/>
  <testcase classname="config_ann_practice.OrgTest" name="modifyOrgTest" time="0.004"/>
  <testcase classname="config_ann_practice.OrgTest" name="deleteOrgTest" time="0.003"/>
</testsuite> <!-- config_ann_practice.OrgTest -->
