<?xml version="1.0" encoding="UTF-8"?>
<!-- Generated by org.testng.reporters.JUnitReportReporter -->
<testsuite hostname="TYSS-Piyush-Baldaniya" failures="0" tests="3" name="types_of_execution.Demo3Test" time="6.026" errors="0" timestamp="2026-02-26T15:18:03 IST" skipped="0">
  <testcase classname="types_of_execution.Demo3Test" name="case33" time="1.899"/>
  <testcase classname="types_of_execution.Demo3Test" name="case3" time="2.469"/>
  <testcase classname="types_of_execution.Demo3Test" name="case333" time="1.658"/>
</testsuite> <!-- types_of_execution.Demo3Test -->
