<?xml version="1.0" encoding="UTF-8"?>
<!-- Generated by org.testng.reporters.JUnitReportReporter -->
<testsuite hostname="TYSS-Piyush-Baldaniya" failures="0" tests="10" name="testng_extra.LoginFBTest" time="43.314" errors="0" timestamp="2026-02-25T15:10:20 IST" skipped="0">
  <testcase classname="testng_extra.LoginFBTest" name="login" time="3.925"/>
  <testcase classname="testng_extra.LoginFBTest" name="login" time="4.374"/>
  <testcase classname="testng_extra.LoginFBTest" name="login" time="4.283"/>
  <testcase classname="testng_extra.LoginFBTest" name="login" time="3.991"/>
  <testcase classname="testng_extra.LoginFBTest" name="login" time="5.637"/>
  <testcase classname="testng_extra.LoginFBTest" name="login" time="4.343"/>
  <testcase classname="testng_extra.LoginFBTest" name="login" time="3.997"/>
  <testcase classname="testng_extra.LoginFBTest" name="login" time="4.281"/>
  <testcase classname="testng_extra.LoginFBTest" name="login" time="4.505"/>
  <testcase classname="testng_extra.LoginFBTest" name="login" time="3.978"/>
</testsuite> <!-- testng_extra.LoginFBTest -->
