<?xml version="1.0" encoding="UTF-8"?>
<!-- Generated by org.testng.reporters.JUnitReportReporter -->
<testsuite hostname="TYSS-Piyush-Baldaniya" failures="0" tests="3" name="types_of_execution.Demo1Test" time="6.052" errors="0" timestamp="2026-02-26T15:18:03 IST" skipped="0">
  <testcase classname="types_of_execution.Demo1Test" name="case11" time="1.984"/>
  <testcase classname="types_of_execution.Demo1Test" name="case1" time="2.407"/>
  <testcase classname="types_of_execution.Demo1Test" name="case111" time="1.661"/>
</testsuite> <!-- types_of_execution.Demo1Test -->
