<?xml version="1.0" encoding="UTF-8"?>
<!-- Generated by org.testng.reporters.JUnitReportReporter -->
<testsuite hostname="TYSS-Piyush-Baldaniya" failures="0" tests="2" name="testng_extra.Demo1Test" time="0.023" errors="0" timestamp="2026-02-24T14:49:53 IST" skipped="0">
  <testcase classname="testng_extra.Demo1Test" name="case2" time="0.002">
    <system-out>
      <![CDATA[Hello]]>
    </system-out>
  </testcase> <!-- case2 -->
  <testcase classname="testng_extra.Demo1Test" name="case1" time="0.021">
    <system-out>
      <![CDATA[Hi]]>
    </system-out>
  </testcase> <!-- case1 -->
  <system-out>
    <![CDATA[Hi
Hello]]>
  </system-out>
</testsuite> <!-- testng_extra.Demo1Test -->
