<?xml version="1.0" encoding="UTF-8"?>
<!-- Generated by org.testng.reporters.JUnitReportReporter -->
<testsuite hostname="TYSS-Piyush-Baldaniya" failures="0" tests="11" name="testng_extra.HelperAttribute2Test" time="40.762" errors="0" timestamp="2026-02-24T15:59:42 IST" skipped="4">
  <testcase classname="testng_extra.HelperAttribute2Test" name="case1" time="5.948"/>
  <testcase classname="testng_extra.HelperAttribute2Test" name="case1" time="5.827"/>
  <testcase classname="testng_extra.HelperAttribute2Test" name="case1" time="5.546"/>
  <testcase classname="testng_extra.HelperAttribute2Test" name="case1" time="5.887"/>
  <testcase classname="testng_extra.HelperAttribute2Test" name="case1" time="5.810"/>
  <testcase classname="testng_extra.HelperAttribute2Test" name="case1" time="5.810"/>
  <testcase classname="testng_extra.HelperAttribute2Test" name="case1" time="5.934"/>
  <testcase classname="testng_extra.HelperAttribute2Test" name="case5">
    <skipped/>
  </testcase> <!-- case5 -->
  <testcase classname="testng_extra.HelperAttribute2Test" name="case4">
    <skipped/>
  </testcase> <!-- case4 -->
  <testcase classname="testng_extra.HelperAttribute2Test" name="case3">
    <skipped/>
  </testcase> <!-- case3 -->
  <testcase classname="testng_extra.HelperAttribute2Test" name="case2">
    <skipped/>
  </testcase> <!-- case2 -->
</testsuite> <!-- testng_extra.HelperAttribute2Test -->
