<?xml version="1.0" encoding="UTF-8"?>
<testng-results ignored="3" total="9" passed="6" failed="0" skipped="0">
  <reporter-output>
  </reporter-output>
  <suite started-at="2026-02-27T14:46:22 IST" name="Suite" finished-at="2026-02-27T14:46:28 IST" duration-ms="5808">
    <groups>
      <group name="regression">
        <method signature="Demo7Test.case7()[pri:0, instance:types_of_execution.Demo7Test@54d9d12d]" name="case7" class="types_of_execution.Demo7Test"/>
        <method signature="Demo7Test.case777()[pri:0, instance:types_of_execution.Demo7Test@54d9d12d]" name="case777" class="types_of_execution.Demo7Test"/>
        <method signature="Demo8Test.case8()[pri:0, instance:types_of_execution.Demo8Test@2d1ef81a]" name="case8" class="types_of_execution.Demo8Test"/>
        <method signature="Demo8Test.case888()[pri:0, instance:types_of_execution.Demo8Test@2d1ef81a]" name="case888" class="types_of_execution.Demo8Test"/>
        <method signature="Demo9Test.case99()[pri:0, instance:types_of_execution.Demo9Test@4c402120]" name="case99" class="types_of_execution.Demo9Test"/>
        <method signature="Demo9Test.case999()[pri:0, instance:types_of_execution.Demo9Test@4c402120]" name="case999" class="types_of_execution.Demo9Test"/>
      </group> <!-- regression -->
    </groups>
    <test started-at="2026-02-27T14:46:22 IST" name="Test" finished-at="2026-02-27T14:46:28 IST" duration-ms="5808">
      <class name="types_of_execution.Demo8Test">
        <test-method signature="case8()[pri:0, instance:types_of_execution.Demo8Test@2d1ef81a]" started-at="2026-02-27T14:46:25 IST" name="case8" finished-at="2026-02-27T14:46:25 IST" duration-ms="888" status="PASS">
          <reporter-output>
          </reporter-output>
        </test-method> <!-- case8 -->
        <test-method signature="case888()[pri:0, instance:types_of_execution.Demo8Test@2d1ef81a]" started-at="2026-02-27T14:46:25 IST" name="case888" finished-at="2026-02-27T14:46:26 IST" duration-ms="911" status="PASS">
          <reporter-output>
          </reporter-output>
        </test-method> <!-- case888 -->
      </class> <!-- types_of_execution.Demo8Test -->
      <class name="types_of_execution.Demo9Test">
        <test-method signature="case99()[pri:0, instance:types_of_execution.Demo9Test@4c402120]" started-at="2026-02-27T14:46:26 IST" name="case99" finished-at="2026-02-27T14:46:27 IST" duration-ms="890" status="PASS">
          <reporter-output>
          </reporter-output>
        </test-method> <!-- case99 -->
        <test-method signature="case999()[pri:0, instance:types_of_execution.Demo9Test@4c402120]" started-at="2026-02-27T14:46:27 IST" name="case999" finished-at="2026-02-27T14:46:28 IST" duration-ms="877" status="PASS">
          <reporter-output>
          </reporter-output>
        </test-method> <!-- case999 -->
      </class> <!-- types_of_execution.Demo9Test -->
      <class name="types_of_execution.Demo7Test">
        <test-method signature="case7()[pri:0, instance:types_of_execution.Demo7Test@54d9d12d]" started-at="2026-02-27T14:46:22 IST" name="case7" finished-at="2026-02-27T14:46:24 IST" duration-ms="1283" status="PASS">
          <reporter-output>
          </reporter-output>
        </test-method> <!-- case7 -->
        <test-method signature="case777()[pri:0, instance:types_of_execution.Demo7Test@54d9d12d]" started-at="2026-02-27T14:46:24 IST" name="case777" finished-at="2026-02-27T14:46:24 IST" duration-ms="907" status="PASS">
          <reporter-output>
          </reporter-output>
        </test-method> <!-- case777 -->
      </class> <!-- types_of_execution.Demo7Test -->
    </test> <!-- Test -->
  </suite> <!-- Suite -->
</testng-results>
