<?xml version="1.0" encoding="UTF-8"?>
<testng-results ignored="0" total="3" passed="3" failed="0" skipped="0">
  <reporter-output>
  </reporter-output>
  <suite started-at="2026-03-05T15:28:03 IST" name="Default suite" finished-at="2026-03-05T15:28:03 IST" duration-ms="88">
    <groups>
    </groups>
    <test started-at="2026-03-05T15:28:03 IST" name="Default test" finished-at="2026-03-05T15:28:03 IST" duration-ms="88">
      <class name="config_ann_practice.OrgTest">
        <test-method is-config="true" signature="openBrowser()[pri:0, instance:config_ann_practice.OrgTest@3bf7ca37]" started-at="2026-03-05T15:28:03 IST" name="openBrowser" finished-at="2026-03-05T15:28:03 IST" duration-ms="10" status="PASS">
          <reporter-output>
          </reporter-output>
        </test-method> <!-- openBrowser -->
        <test-method is-config="true" signature="login()[pri:0, instance:config_ann_practice.OrgTest@3bf7ca37]" started-at="2026-03-05T15:28:03 IST" name="login" finished-at="2026-03-05T15:28:03 IST" duration-ms="1" status="PASS">
          <reporter-output>
          </reporter-output>
        </test-method> <!-- login -->
        <test-method signature="createOrgTest()[pri:0, instance:config_ann_practice.OrgTest@3bf7ca37]" started-at="2026-03-05T15:28:03 IST" name="createOrgTest" finished-at="2026-03-05T15:28:03 IST" duration-ms="7" status="PASS">
          <reporter-output>
          </reporter-output>
        </test-method> <!-- createOrgTest -->
        <test-method is-config="true" signature="logout()[pri:0, instance:config_ann_practice.OrgTest@3bf7ca37]" started-at="2026-03-05T15:28:03 IST" name="logout" finished-at="2026-03-05T15:28:03 IST" duration-ms="1" status="PASS">
          <reporter-output>
          </reporter-output>
        </test-method> <!-- logout -->
        <test-method is-config="true" signature="login()[pri:0, instance:config_ann_practice.OrgTest@3bf7ca37]" started-at="2026-03-05T15:28:03 IST" name="login" finished-at="2026-03-05T15:28:03 IST" duration-ms="1" status="PASS">
          <reporter-output>
          </reporter-output>
        </test-method> <!-- login -->
        <test-method signature="deleteOrgTest()[pri:0, instance:config_ann_practice.OrgTest@3bf7ca37]" started-at="2026-03-05T15:28:03 IST" name="deleteOrgTest" finished-at="2026-03-05T15:28:03 IST" duration-ms="2" status="PASS">
          <reporter-output>
          </reporter-output>
        </test-method> <!-- deleteOrgTest -->
        <test-method is-config="true" signature="logout()[pri:0, instance:config_ann_practice.OrgTest@3bf7ca37]" started-at="2026-03-05T15:28:03 IST" name="logout" finished-at="2026-03-05T15:28:03 IST" duration-ms="1" status="PASS">
          <reporter-output>
          </reporter-output>
        </test-method> <!-- logout -->
        <test-method signature="modifyOrgTest()[pri:0, instance:config_ann_practice.OrgTest@3bf7ca37]" started-at="2026-03-05T15:28:03 IST" name="modifyOrgTest" finished-at="2026-03-05T15:28:03 IST" duration-ms="2" status="PASS">
          <reporter-output>
          </reporter-output>
        </test-method> <!-- modifyOrgTest -->
        <test-method is-config="true" signature="login()[pri:0, instance:config_ann_practice.OrgTest@3bf7ca37]" started-at="2026-03-05T15:28:03 IST" name="login" finished-at="2026-03-05T15:28:03 IST" duration-ms="0" status="PASS">
          <reporter-output>
          </reporter-output>
        </test-method> <!-- login -->
        <test-method is-config="true" signature="logout()[pri:0, instance:config_ann_practice.OrgTest@3bf7ca37]" started-at="2026-03-05T15:28:03 IST" name="logout" finished-at="2026-03-05T15:28:03 IST" duration-ms="1" status="PASS">
          <reporter-output>
          </reporter-output>
        </test-method> <!-- logout -->
        <test-method is-config="true" signature="closeBrowser()[pri:0, instance:config_ann_practice.OrgTest@3bf7ca37]" started-at="2026-03-05T15:28:03 IST" name="closeBrowser" finished-at="2026-03-05T15:28:03 IST" duration-ms="1" status="PASS">
          <reporter-output>
          </reporter-output>
        </test-method> <!-- closeBrowser -->
      </class> <!-- config_ann_practice.OrgTest -->
    </test> <!-- Default test -->
  </suite> <!-- Default suite -->
</testng-results>
