<?xml version="1.0" encoding="UTF-8"?>
<!-- Generated by org.testng.reporters.JUnitXMLReporter -->
<testsuite ignored="3" hostname="TYSS-Piyush-Baldaniya" failures="0" tests="6" name="Test" time="5.808" errors="0" timestamp="2026-02-27T14:46:28 IST">
  <testcase classname="types_of_execution.Demo7Test" name="case7" time="1.283"/>
  <testcase classname="types_of_execution.Demo7Test" name="case777" time="0.907"/>
  <testcase classname="types_of_execution.Demo8Test" name="case8" time="0.888"/>
  <testcase classname="types_of_execution.Demo8Test" name="case888" time="0.911"/>
  <testcase classname="types_of_execution.Demo9Test" name="case99" time="0.89"/>
  <testcase classname="types_of_execution.Demo9Test" name="case999" time="0.877"/>
  <testcase classname="types_of_execution.Demo7Test" name="case77" time="0.0">
    <ignored/>
  </testcase> <!-- case77 -->
  <testcase classname="types_of_execution.Demo8Test" name="case88" time="0.0">
    <ignored/>
  </testcase> <!-- case88 -->
  <testcase classname="types_of_execution.Demo9Test" name="case9" time="0.0">
    <ignored/>
  </testcase> <!-- case9 -->
</testsuite> <!-- Test -->
