<?xml version="1.0" encoding="UTF-8"?>
<!-- Generated by org.testng.reporters.JUnitXMLReporter -->
<testsuite ignored="0" hostname="TYSS-Piyush-Baldaniya" failures="0" tests="3" name="TestRunner3" time="6.079" errors="0" timestamp="2026-02-26T15:18:03 IST">
  <testcase classname="types_of_execution.Demo3Test" name="case3" time="2.469"/>
  <testcase classname="types_of_execution.Demo3Test" name="case33" time="1.899"/>
  <testcase classname="types_of_execution.Demo3Test" name="case333" time="1.658"/>
</testsuite> <!-- TestRunner3 -->
