<?xml version="1.0" encoding="UTF-8"?>
<!-- Generated by org.testng.reporters.JUnitXMLReporter -->
<testsuite ignored="0" hostname="TYSS-Piyush-Baldaniya" failures="0" tests="3" name="TestRunner2" time="6.105" errors="0" timestamp="2026-02-26T15:18:03 IST">
  <testcase classname="types_of_execution.Demo2Test" name="case2" time="2.428"/>
  <testcase classname="types_of_execution.Demo2Test" name="case22" time="1.806"/>
  <testcase classname="types_of_execution.Demo2Test" name="case222" time="1.817"/>
</testsuite> <!-- TestRunner2 -->
