<?xml version="1.0" encoding="UTF-8"?>
<!-- Generated by org.testng.reporters.JUnitXMLReporter -->
<testsuite ignored="0" hostname="TYSS-Piyush-Baldaniya" failures="0" tests="10" name="Default test" time="43.368" errors="0" timestamp="2026-02-25T15:10:20 IST">
  <testcase classname="testng_extra.LoginFBTest" name="login" time="4.505"/>
  <testcase classname="testng_extra.LoginFBTest" name="login" time="3.925"/>
  <testcase classname="testng_extra.LoginFBTest" name="login" time="3.991"/>
  <testcase classname="testng_extra.LoginFBTest" name="login" time="3.997"/>
  <testcase classname="testng_extra.LoginFBTest" name="login" time="3.978"/>
  <testcase classname="testng_extra.LoginFBTest" name="login" time="5.637"/>
  <testcase classname="testng_extra.LoginFBTest" name="login" time="4.283"/>
  <testcase classname="testng_extra.LoginFBTest" name="login" time="4.343"/>
  <testcase classname="testng_extra.LoginFBTest" name="login" time="4.281"/>
  <testcase classname="testng_extra.LoginFBTest" name="login" time="4.374"/>
</testsuite> <!-- Default test -->
